<?xml version="1.0" encoding="UTF-8"?>
<!-- Generated by org.testng.reporters.JUnitReportReporter -->
<testsuite hostname="DESKTOP-7AF760B" failures="0" tests="1" name="selenium.automationpractice.TestAutomationpractice" time="12.068" errors="0" timestamp="2021-03-23T14:27:06 EDT" skipped="0">
  <testcase classname="selenium.automationpractice.TestAutomationpractice" name="testAutomationPractice" time="12.068"/>
  <system-out/>
</testsuite> <!-- selenium.automationpractice.TestAutomationpractice -->
