<?xml version="1.0" encoding="UTF-8"?>
<!-- Generated by org.testng.reporters.JUnitReportReporter -->
<testsuite hostname="DESKTOP-7AF760B" failures="0" tests="1" name="selenium.automationpractice.Test_ShopDresses" time="14.865" errors="0" timestamp="2021-03-23T04:52:09 EDT" skipped="0">
  <testcase classname="selenium.automationpractice.Test_ShopDresses" name="test" time="14.865"/>
  <system-out/>
</testsuite> <!-- selenium.automationpractice.Test_ShopDresses -->
