<?xml version="1.0" encoding="UTF-8"?>
<!-- Generated by org.testng.reporters.JUnitReportReporter -->
<testsuite hostname="DESKTOP-7AF760B" failures="0" tests="1" name="selenium.automationpractice.Test_ShopDresses" time="12.307" errors="0" timestamp="2021-03-23T14:27:43 EDT" skipped="0">
  <testcase classname="selenium.automationpractice.Test_ShopDresses" name="test" time="12.307"/>
  <system-out/>
</testsuite> <!-- selenium.automationpractice.Test_ShopDresses -->
