<?xml version="1.0" encoding="UTF-8"?>
<!-- Generated by org.testng.reporters.JUnitReportReporter -->
<testsuite hostname="DESKTOP-7AF760B" failures="0" tests="1" name="selenium.automationpractice.TestAutomationpractice" time="13.162" errors="0" timestamp="2021-03-23T04:52:52 EDT" skipped="0">
  <testcase classname="selenium.automationpractice.TestAutomationpractice" name="testAutomationPractice" time="13.162"/>
  <system-out/>
</testsuite> <!-- selenium.automationpractice.TestAutomationpractice -->
